[INFO ] 2017-02-16 15:30:17.473 [localhost-startStop-1] ContextLoader - Root WebApplicationContext: initialization completed in 1931 ms
[INFO ] 2017-02-16 15:30:19.875 [main] RequestMappingHandlerAdapter - Looking for @ControllerAdvice: org.springframework.boot.context.embedded.AnnotationConfigEmbeddedWebApplicationContext@2f4948e4: startup date [Thu Feb 16 15:30:15 CET 2017]; root of context hierarchy
[INFO ] 2017-02-16 15:30:19.940 [main] RequestMappingHandlerMapping - Mapped "{[/dameRosales],methods=[GET]}" onto public java.util.List<es.pdv.daw.proyect.entity.Rosal> es.pdv.daw.proyect.controller.ProductController.getRosales()
[INFO ] 2017-02-16 15:30:19.941 [main] RequestMappingHandlerMapping - Mapped "{[/saveImg],methods=[GET]}" onto public es.pdv.daw.proyect.beans.BeanImagen es.pdv.daw.proyect.controller.ProductController.handleFileUpload(java.lang.String,org.springframework.web.servlet.mvc.support.RedirectAttributes)
[INFO ] 2017-02-16 15:30:19.941 [main] RequestMappingHandlerMapping - Mapped "{[/eliminaRosal],methods=[GET]}" onto public es.pdv.daw.proyect.beans.RosesValidate es.pdv.daw.proyect.controller.ProductController.eliminaRosal(es.pdv.daw.proyect.entity.Rosal)
[INFO ] 2017-02-16 15:30:19.941 [main] RequestMappingHandlerMapping - Mapped "{[/eliminaVariedad],methods=[GET]}" onto public es.pdv.daw.proyect.beans.VarietyValidate es.pdv.daw.proyect.controller.ProductController.eliminaVariedad(es.pdv.daw.proyect.entity.Variedad)
[INFO ] 2017-02-16 15:30:19.941 [main] RequestMappingHandlerMapping - Mapped "{[/aumentaExistencia],methods=[POST]}" onto public es.pdv.daw.proyect.beans.RosesValidate es.pdv.daw.proyect.controller.ProductController.aumentaExistencia(es.pdv.daw.proyect.beans.RosesValidate,es.pdv.daw.proyect.entity.Rosal)
[INFO ] 2017-02-16 15:30:19.941 [main] RequestMappingHandlerMapping - Mapped "{[/reduceExistencia],methods=[POST]}" onto public es.pdv.daw.proyect.beans.RosesValidate es.pdv.daw.proyect.controller.ProductController.reduceExistencia(es.pdv.daw.proyect.beans.RosesValidate,es.pdv.daw.proyect.entity.Rosal)
[INFO ] 2017-02-16 15:30:19.941 [main] RequestMappingHandlerMapping - Mapped "{[/modificaRosal],methods=[POST]}" onto public es.pdv.daw.proyect.beans.RosesValidate es.pdv.daw.proyect.controller.ProductController.modificaRosal(es.pdv.daw.proyect.entity.Rosal,es.pdv.daw.proyect.entity.Imagen,es.pdv.daw.proyect.beans.RosesValidate,org.springframework.web.multipart.MultipartFile,int)
[INFO ] 2017-02-16 15:30:19.941 [main] RequestMappingHandlerMapping - Mapped "{[/registraVariedad],methods=[POST]}" onto public es.pdv.daw.proyect.beans.VarietyValidate es.pdv.daw.proyect.controller.ProductController.registraVariedad(es.pdv.daw.proyect.entity.Variedad,es.pdv.daw.proyect.beans.VarietyValidate)
[INFO ] 2017-02-16 15:30:19.942 [main] RequestMappingHandlerMapping - Mapped "{[/modificaVariedad],methods=[POST]}" onto public es.pdv.daw.proyect.beans.VarietyValidate es.pdv.daw.proyect.controller.ProductController.modificaVariedad(es.pdv.daw.proyect.entity.Variedad,es.pdv.daw.proyect.beans.VarietyValidate)
[INFO ] 2017-02-16 15:30:19.942 [main] RequestMappingHandlerMapping - Mapped "{[/actualizaExistencia],methods=[POST]}" onto public es.pdv.daw.proyect.beans.RosesValidate es.pdv.daw.proyect.controller.ProductController.actualizaExistencia(es.pdv.daw.proyect.beans.RosesValidate,es.pdv.daw.proyect.entity.Rosal)
[INFO ] 2017-02-16 15:30:19.942 [main] RequestMappingHandlerMapping - Mapped "{[/dameVariedades],methods=[GET]}" onto public es.pdv.daw.proyect.beans.VarietyValidate es.pdv.daw.proyect.controller.ProductController.dameVariedades(es.pdv.daw.proyect.beans.VarietyValidate)
[INFO ] 2017-02-16 15:30:19.942 [main] RequestMappingHandlerMapping - Mapped "{[/insertaRosal],methods=[POST]}" onto public es.pdv.daw.proyect.beans.RosesValidate es.pdv.daw.proyect.controller.ProductController.insertaRosal(es.pdv.daw.proyect.entity.Rosal,es.pdv.daw.proyect.entity.Imagen,es.pdv.daw.proyect.beans.RosesValidate,org.springframework.web.multipart.MultipartFile,int)
[INFO ] 2017-02-16 15:30:19.945 [main] RequestMappingHandlerMapping - Mapped "{[/loadAdministracion]}" onto public java.lang.String es.pdv.daw.proyect.controller.LoadController.loadAdministracion(org.springframework.ui.Model)
[INFO ] 2017-02-16 15:30:19.945 [main] RequestMappingHandlerMapping - Mapped "{[/loadDatosEmpresa]}" onto public java.lang.String es.pdv.daw.proyect.controller.LoadController.loadDatosEmpresa(org.springframework.ui.Model)
[INFO ] 2017-02-16 15:30:19.945 [main] RequestMappingHandlerMapping - Mapped "{[/loadInicio]}" onto public java.lang.String es.pdv.daw.proyect.controller.LoadController.loadInicio(org.springframework.ui.Model)
[INFO ] 2017-02-16 15:30:19.945 [main] RequestMappingHandlerMapping - Mapped "{[/loadRosales]}" onto public java.lang.String es.pdv.daw.proyect.controller.LoadController.loadRosales(org.springframework.ui.Model)
[INFO ] 2017-02-16 15:30:19.946 [main] RequestMappingHandlerMapping - Mapped "{[/loadVaridades]}" onto public java.lang.String es.pdv.daw.proyect.controller.LoadController.loadVariedades(org.springframework.ui.Model)
[INFO ] 2017-02-16 15:30:19.946 [main] RequestMappingHandlerMapping - Mapped "{[/loadNuevoAlbaran]}" onto public java.lang.String es.pdv.daw.proyect.controller.LoadController.loadNuevoAlbaran(org.springframework.ui.Model)
[INFO ] 2017-02-16 15:30:19.946 [main] RequestMappingHandlerMapping - Mapped "{[/loadAlbaranes]}" onto public java.lang.String es.pdv.daw.proyect.controller.LoadController.loadAlbaranes(org.springframework.ui.Model)
[INFO ] 2017-02-16 15:30:19.946 [main] RequestMappingHandlerMapping - Mapped "{[/loadClientes]}" onto public java.lang.String es.pdv.daw.proyect.controller.LoadController.loadClientes(org.springframework.ui.Model)
[INFO ] 2017-02-16 15:30:19.946 [main] RequestMappingHandlerMapping - Mapped "{[/loadExistencias]}" onto public java.lang.String es.pdv.daw.proyect.controller.LoadController.loadExistencias(org.springframework.ui.Model)
[INFO ] 2017-02-16 15:30:19.947 [main] RequestMappingHandlerMapping - Mapped "{[/dameDatosEmpresa],methods=[GET]}" onto public es.pdv.daw.proyect.beans.EmpresaValidate es.pdv.daw.proyect.controller.EmpresaController.dameDatosEmpresa(es.pdv.daw.proyect.beans.EmpresaValidate)
[INFO ] 2017-02-16 15:30:19.947 [main] RequestMappingHandlerMapping - Mapped "{[/actualizaDatos],methods=[POST]}" onto public es.pdv.daw.proyect.beans.EmpresaValidate es.pdv.daw.proyect.controller.EmpresaController.actualizaDatosEmpresa(es.pdv.daw.proyect.beans.EmpresaValidate,es.pdv.daw.proyect.entity.Empresa,es.pdv.daw.proyect.entity.Imagen,org.springframework.web.multipart.MultipartFile)
[INFO ] 2017-02-16 15:30:19.948 [main] RequestMappingHandlerMapping - Mapped "{[/creaUsuario],methods=[GET]}" onto public es.pdv.daw.proyect.beans.UserValidate es.pdv.daw.proyect.controller.AdminController.creaUsuario(es.pdv.daw.proyect.beans.UserValidate,es.pdv.daw.proyect.entity.Usuarios,es.pdv.daw.proyect.entity.Roles,int)
[INFO ] 2017-02-16 15:30:19.948 [main] RequestMappingHandlerMapping - Mapped "{[/eliminaUsuario],methods=[GET]}" onto public es.pdv.daw.proyect.beans.UserValidate es.pdv.daw.proyect.controller.AdminController.eliminaUsuario(es.pdv.daw.proyect.entity.Usuarios)
[INFO ] 2017-02-16 15:30:19.948 [main] RequestMappingHandlerMapping - Mapped "{[/notificaUsuario],methods=[GET]}" onto public es.pdv.daw.proyect.beans.MailMessage es.pdv.daw.proyect.controller.AdminController.NotificaUsuario(es.pdv.daw.proyect.beans.MailMessage)
[INFO ] 2017-02-16 15:30:19.948 [main] RequestMappingHandlerMapping - Mapped "{[/dameUsuarios],methods=[GET]}" onto public java.util.List<es.pdv.daw.proyect.entity.Usuarios> es.pdv.daw.proyect.controller.AdminController.dameUsuarios(java.util.List<es.pdv.daw.proyect.entity.Usuarios>)
[INFO ] 2017-02-16 15:30:19.948 [main] RequestMappingHandlerMapping - Mapped "{[/actualizaUsuario],methods=[GET]}" onto public es.pdv.daw.proyect.beans.UserValidate es.pdv.daw.proyect.controller.AdminController.actualizaUsuario(es.pdv.daw.proyect.beans.UserValidate,es.pdv.daw.proyect.entity.Usuarios,es.pdv.daw.proyect.entity.Roles,int)
[INFO ] 2017-02-16 15:30:19.949 [main] RequestMappingHandlerMapping - Mapped "{[/creaAlbaran],methods=[POST]}" onto public es.pdv.daw.proyect.beans.AlbaranValidate es.pdv.daw.proyect.controller.PedidosController.creaAlbaran(es.pdv.daw.proyect.beans.AlbaranValidate,es.pdv.daw.proyect.entity.Cliente,es.pdv.daw.proyect.entity.Albaran)
[INFO ] 2017-02-16 15:30:19.949 [main] RequestMappingHandlerMapping - Mapped "{[/insertaLinea],methods=[POST]}" onto public es.pdv.daw.proyect.beans.AlbaranValidate es.pdv.daw.proyect.controller.PedidosController.insertaLinea(es.pdv.daw.proyect.beans.AlbaranValidate,es.pdv.daw.proyect.entity.Rosal,es.pdv.daw.proyect.entity.Albaran,es.pdv.daw.proyect.entity.DetalleAlbaran)
[INFO ] 2017-02-16 15:30:19.949 [main] RequestMappingHandlerMapping - Mapped "{[/eliminaAlbaran],methods=[POST]}" onto public es.pdv.daw.proyect.beans.AlbaranValidate es.pdv.daw.proyect.controller.PedidosController.eliminaAlbaran(es.pdv.daw.proyect.beans.AlbaranValidate,es.pdv.daw.proyect.entity.Albaran)
[INFO ] 2017-02-16 15:30:19.950 [main] RequestMappingHandlerMapping - Mapped "{[/damePedidos],methods=[GET]}" onto public es.pdv.daw.proyect.beans.AlbaranValidate es.pdv.daw.proyect.controller.PedidosController.damePedidos(es.pdv.daw.proyect.beans.AlbaranValidate)
[INFO ] 2017-02-16 15:30:19.950 [main] RequestMappingHandlerMapping - Mapped "{[/editaAlbaran],methods=[POST]}" onto public es.pdv.daw.proyect.beans.AlbaranValidate es.pdv.daw.proyect.controller.PedidosController.editaAlbaran(es.pdv.daw.proyect.beans.AlbaranValidate,es.pdv.daw.proyect.entity.Albaran)
[INFO ] 2017-02-16 15:30:19.950 [main] RequestMappingHandlerMapping - Mapped "{[/generaPdf],methods=[POST]}" onto public es.pdv.daw.proyect.beans.AlbaranPdf es.pdv.daw.proyect.controller.PedidosController.generaPdf(es.pdv.daw.proyect.beans.AlbaranValidate,es.pdv.daw.proyect.entity.Albaran,es.pdv.daw.proyect.beans.AlbaranPdf,es.pdv.daw.proyect.utilities.GeneratePdf)
[INFO ] 2017-02-16 15:30:19.950 [main] RequestMappingHandlerMapping - Mapped "{[/dameClientes],methods=[GET]}" onto public es.pdv.daw.proyect.beans.ClientValidate es.pdv.daw.proyect.controller.PedidosController.dameClientes(es.pdv.daw.proyect.beans.ClientValidate)
[INFO ] 2017-02-16 15:30:19.950 [main] RequestMappingHandlerMapping - Mapped "{[/eliminaLinea],methods=[POST]}" onto public es.pdv.daw.proyect.beans.AlbaranValidate es.pdv.daw.proyect.controller.PedidosController.eliminaLinea(es.pdv.daw.proyect.beans.AlbaranValidate,es.pdv.daw.proyect.entity.Rosal,es.pdv.daw.proyect.entity.Albaran,es.pdv.daw.proyect.entity.DetalleAlbaran)
[INFO ] 2017-02-16 15:30:19.951 [main] RequestMappingHandlerMapping - Mapped "{[/dameListaClientes],methods=[GET]}" onto public es.pdv.daw.proyect.beans.ClientValidate es.pdv.daw.proyect.controller.ClientesController.dameListaClientes(es.pdv.daw.proyect.beans.ClientValidate)
[INFO ] 2017-02-16 15:30:19.951 [main] RequestMappingHandlerMapping - Mapped "{[/registraCliente],methods=[POST]}" onto public es.pdv.daw.proyect.beans.ClientValidate es.pdv.daw.proyect.controller.ClientesController.registraCliente(es.pdv.daw.proyect.beans.ClientValidate,es.pdv.daw.proyect.entity.Cliente)
[INFO ] 2017-02-16 15:30:19.951 [main] RequestMappingHandlerMapping - Mapped "{[/actualizaCliente],methods=[POST]}" onto public es.pdv.daw.proyect.beans.ClientValidate es.pdv.daw.proyect.controller.ClientesController.actualizaCliente(es.pdv.daw.proyect.beans.ClientValidate,es.pdv.daw.proyect.entity.Cliente)
[INFO ] 2017-02-16 15:30:19.951 [main] RequestMappingHandlerMapping - Mapped "{[/eliminaCliente],methods=[POST]}" onto public es.pdv.daw.proyect.beans.ClientValidate es.pdv.daw.proyect.controller.ClientesController.eliminaCliente(es.pdv.daw.proyect.beans.ClientValidate,es.pdv.daw.proyect.entity.Cliente)
[INFO ] 2017-02-16 15:30:19.952 [main] RequestMappingHandlerMapping - Mapped "{[/login]}" onto public java.lang.String es.pdv.daw.proyect.controller.LoginController.loginUser(java.lang.String,java.lang.String,es.pdv.daw.proyect.beans.UserValidate,javax.servlet.http.HttpSession,org.springframework.ui.Model)
[INFO ] 2017-02-16 15:30:19.952 [main] RequestMappingHandlerMapping - Mapped "{[/inicio]}" onto public java.lang.String es.pdv.daw.proyect.controller.LoginController.inicio(es.pdv.daw.proyect.entity.Usuarios,org.springframework.ui.Model)
[INFO ] 2017-02-16 15:30:19.952 [main] RequestMappingHandlerMapping - Mapped "{[/closeSession]}" onto public java.lang.String es.pdv.daw.proyect.controller.LoginController.closeSession(es.pdv.daw.proyect.entity.Usuarios,org.springframework.ui.Model,javax.servlet.http.HttpSession)
[INFO ] 2017-02-16 15:30:19.953 [main] RequestMappingHandlerMapping - Mapped "{[/logout]}" onto public java.lang.String es.pdv.daw.proyect.controller.LoginController.logout()
[INFO ] 2017-02-16 15:30:19.954 [main] RequestMappingHandlerMapping - Mapped "{[/error],produces=[text/html]}" onto public org.springframework.web.servlet.ModelAndView org.springframework.boot.autoconfigure.web.BasicErrorController.errorHtml(javax.servlet.http.HttpServletRequest,javax.servlet.http.HttpServletResponse)
[INFO ] 2017-02-16 15:30:19.954 [main] RequestMappingHandlerMapping - Mapped "{[/error]}" onto public org.springframework.http.ResponseEntity<java.util.Map<java.lang.String, java.lang.Object>> org.springframework.boot.autoconfigure.web.BasicErrorController.error(javax.servlet.http.HttpServletRequest)
[INFO ] 2017-02-16 15:30:19.959 [main] WebMvcConfigurerAdapter - Adding welcome page: class path resource [static/index.html]
[INFO ] 2017-02-16 15:30:19.969 [main] SimpleUrlHandlerMapping - Root mapping to handler of type [class org.springframework.web.servlet.mvc.ParameterizableViewController]
[INFO ] 2017-02-16 15:30:19.979 [main] SimpleUrlHandlerMapping - Mapped URL path [/webjars/**] onto handler of type [class org.springframework.web.servlet.resource.ResourceHttpRequestHandler]
[INFO ] 2017-02-16 15:30:19.979 [main] SimpleUrlHandlerMapping - Mapped URL path [/**] onto handler of type [class org.springframework.web.servlet.resource.ResourceHttpRequestHandler]
[INFO ] 2017-02-16 15:30:20.014 [main] SimpleUrlHandlerMapping - Mapped URL path [/**/favicon.ico] onto handler of type [class org.springframework.web.servlet.resource.ResourceHttpRequestHandler]
